
Start-Date: 2022-08-29  16:06:00
Commandline: apt-get install --reinstall adduser
Reinstall: adduser:arm64 (3.118ubuntu2)
End-Date: 2022-08-29  16:06:03

Start-Date: 2022-08-29  16:06:11
Commandline: apt-get install --reinstall apt
Reinstall: apt:arm64 (2.0.2)
End-Date: 2022-08-29  16:06:15

Start-Date: 2022-08-29  16:06:22
Commandline: apt-get install --reinstall base-files
Reinstall: base-files:arm64 (11ubuntu5)
End-Date: 2022-08-29  16:06:25

Start-Date: 2022-08-29  16:06:32
Commandline: apt-get install --reinstall base-passwd
Reinstall: base-passwd:arm64 (3.5.47)
End-Date: 2022-08-29  16:06:35

Start-Date: 2022-08-29  16:06:43
Commandline: apt-get install --reinstall bash
Reinstall: bash:arm64 (5.0-6ubuntu1)
End-Date: 2022-08-29  16:06:46

Start-Date: 2022-08-29  16:06:53
Commandline: apt-get install --reinstall bsdutils
Reinstall: bsdutils:arm64 (1:2.34-0.1ubuntu9)
End-Date: 2022-08-29  16:06:56

Start-Date: 2022-08-29  16:07:03
Commandline: apt-get install --reinstall bzip2
Reinstall: bzip2:arm64 (1.0.8-2)
End-Date: 2022-08-29  16:07:05

Start-Date: 2022-08-29  16:07:13
Commandline: apt-get install --reinstall coreutils
Reinstall: coreutils:arm64 (8.30-3ubuntu2)
End-Date: 2022-08-29  16:07:16

Start-Date: 2022-08-29  16:07:23
Commandline: apt-get install --reinstall dash
Reinstall: dash:arm64 (0.5.10.2-6)
End-Date: 2022-08-29  16:07:27

Start-Date: 2022-08-29  16:07:33
Commandline: apt-get install --reinstall debconf
Reinstall: debconf:arm64 (1.5.73)
End-Date: 2022-08-29  16:07:37

Start-Date: 2022-08-29  16:07:44
Commandline: apt-get install --reinstall debianutils
Reinstall: debianutils:arm64 (4.9.1)
End-Date: 2022-08-29  16:07:47

Start-Date: 2022-08-29  16:07:54
Commandline: apt-get install --reinstall diffutils
Reinstall: diffutils:arm64 (1:3.7-3)
End-Date: 2022-08-29  16:07:57

Start-Date: 2022-08-29  16:08:05
Commandline: apt-get install --reinstall dpkg
Reinstall: dpkg:arm64 (1.19.7ubuntu3)
End-Date: 2022-08-29  16:08:08

Start-Date: 2022-08-29  16:08:16
Commandline: apt-get install --reinstall e2fsprogs
Reinstall: e2fsprogs:arm64 (1.45.5-2ubuntu1)
End-Date: 2022-08-29  16:08:19

Start-Date: 2022-08-29  16:08:26
Commandline: apt-get install --reinstall fdisk
Reinstall: fdisk:arm64 (2.34-0.1ubuntu9)
End-Date: 2022-08-29  16:08:28

Start-Date: 2022-08-29  16:08:37
Commandline: apt-get install --reinstall findutils
Reinstall: findutils:arm64 (4.7.0-1ubuntu1)
End-Date: 2022-08-29  16:08:40

Start-Date: 2022-08-29  16:08:47
Commandline: apt-get install --reinstall gcc-10-base:arm64
Reinstall: gcc-10-base:arm64 (10-20200411-0ubuntu1)
End-Date: 2022-08-29  16:08:50

Start-Date: 2022-08-29  16:08:57
Commandline: apt-get install --reinstall gpgv
Reinstall: gpgv:arm64 (2.2.19-3ubuntu2)
End-Date: 2022-08-29  16:09:01

Start-Date: 2022-08-29  16:09:08
Commandline: apt-get install --reinstall grep
Reinstall: grep:arm64 (3.4-1)
End-Date: 2022-08-29  16:09:11

Start-Date: 2022-08-29  16:09:18
Commandline: apt-get install --reinstall gzip
Reinstall: gzip:arm64 (1.10-0ubuntu4)
End-Date: 2022-08-29  16:09:22

Start-Date: 2022-08-29  16:09:28
Commandline: apt-get install --reinstall hostname
Reinstall: hostname:arm64 (3.23)
End-Date: 2022-08-29  16:09:31

Start-Date: 2022-08-29  16:09:38
Commandline: apt-get install --reinstall init-system-helpers
Reinstall: init-system-helpers:arm64 (1.57)
End-Date: 2022-08-29  16:09:41

Start-Date: 2022-08-29  16:09:48
Commandline: apt-get install --reinstall libacl1:arm64
Reinstall: libacl1:arm64 (2.2.53-6)
End-Date: 2022-08-29  16:09:51

Start-Date: 2022-08-29  16:10:00
Commandline: apt-get install --reinstall libapt-pkg6.0:arm64
Reinstall: libapt-pkg6.0:arm64 (2.0.2)
End-Date: 2022-08-29  16:10:03

Start-Date: 2022-08-29  16:10:10
Commandline: apt-get install --reinstall libattr1:arm64
Reinstall: libattr1:arm64 (1:2.4.48-5)
End-Date: 2022-08-29  16:10:13

Start-Date: 2022-08-29  16:10:20
Commandline: apt-get install --reinstall libaudit-common
Reinstall: libaudit-common:arm64 (1:2.8.5-2ubuntu6)
End-Date: 2022-08-29  16:10:23

Start-Date: 2022-08-29  16:10:30
Commandline: apt-get install --reinstall libaudit1:arm64
Reinstall: libaudit1:arm64 (1:2.8.5-2ubuntu6)
End-Date: 2022-08-29  16:10:33

Start-Date: 2022-08-29  16:10:40
Commandline: apt-get install --reinstall libblkid1:arm64
Reinstall: libblkid1:arm64 (2.34-0.1ubuntu9)
End-Date: 2022-08-29  16:10:43

Start-Date: 2022-08-29  16:10:50
Commandline: apt-get install --reinstall libbz2-1.0:arm64
Reinstall: libbz2-1.0:arm64 (1.0.8-2)
End-Date: 2022-08-29  16:10:53

Start-Date: 2022-08-29  16:11:01
Commandline: apt-get install --reinstall libc-bin
Reinstall: libc-bin:arm64 (2.31-0ubuntu9)
End-Date: 2022-08-29  16:11:05

Start-Date: 2022-08-29  16:11:14
Commandline: apt-get install --reinstall libc6:arm64
Reinstall: libc6:arm64 (2.31-0ubuntu9)
End-Date: 2022-08-29  16:11:19

Start-Date: 2022-08-29  16:11:26
Commandline: apt-get install --reinstall libcap-ng0:arm64
Reinstall: libcap-ng0:arm64 (0.7.9-2.1build1)
End-Date: 2022-08-29  16:11:29

Start-Date: 2022-08-29  16:11:35
Commandline: apt-get install --reinstall libcom-err2:arm64
Reinstall: libcom-err2:arm64 (1.45.5-2ubuntu1)
End-Date: 2022-08-29  16:11:38

Start-Date: 2022-08-29  16:11:45
Commandline: apt-get install --reinstall libcrypt1:arm64
Reinstall: libcrypt1:arm64 (1:4.4.10-10ubuntu4)
End-Date: 2022-08-29  16:11:48

Start-Date: 2022-08-29  16:12:00
Commandline: apt-get install --reinstall libdb5.3:arm64
Reinstall: libdb5.3:arm64 (5.3.28+dfsg1-0.6ubuntu2)
End-Date: 2022-08-29  16:12:03

Start-Date: 2022-08-29  16:12:10
Commandline: apt-get install --reinstall libdebconfclient0:arm64
Reinstall: libdebconfclient0:arm64 (0.251ubuntu1)
End-Date: 2022-08-29  16:12:13

Start-Date: 2022-08-29  16:12:20
Commandline: apt-get install --reinstall libext2fs2:arm64
Reinstall: libext2fs2:arm64 (1.45.5-2ubuntu1)
End-Date: 2022-08-29  16:12:23

Start-Date: 2022-08-29  16:12:29
Commandline: apt-get install --reinstall libfdisk1:arm64
Reinstall: libfdisk1:arm64 (2.34-0.1ubuntu9)
End-Date: 2022-08-29  16:12:32

Start-Date: 2022-08-29  16:12:39
Commandline: apt-get install --reinstall libffi7:arm64
Reinstall: libffi7:arm64 (3.3-4)
End-Date: 2022-08-29  16:12:42

Start-Date: 2022-08-29  16:12:48
Commandline: apt-get install --reinstall libgcc-s1:arm64
Reinstall: libgcc-s1:arm64 (10-20200411-0ubuntu1)
End-Date: 2022-08-29  16:12:52

Start-Date: 2022-08-29  16:12:59
Commandline: apt-get install --reinstall libgcrypt20:arm64
Reinstall: libgcrypt20:arm64 (1.8.5-5ubuntu1)
End-Date: 2022-08-29  16:13:02

Start-Date: 2022-08-29  16:13:09
Commandline: apt-get install --reinstall libgmp10:arm64
Reinstall: libgmp10:arm64 (2:6.2.0+dfsg-4)
End-Date: 2022-08-29  16:13:12

Start-Date: 2022-08-29  16:13:20
Commandline: apt-get install --reinstall libgnutls30:arm64
Reinstall: libgnutls30:arm64 (3.6.13-2ubuntu1)
End-Date: 2022-08-29  16:13:23

Start-Date: 2022-08-29  16:13:30
Commandline: apt-get install --reinstall libgpg-error0:arm64
Reinstall: libgpg-error0:arm64 (1.37-1)
End-Date: 2022-08-29  16:13:33

Start-Date: 2022-08-29  16:13:40
Commandline: apt-get install --reinstall libhogweed5:arm64
Reinstall: libhogweed5:arm64 (3.5.1+really3.5.1-2)
End-Date: 2022-08-29  16:13:43

Start-Date: 2022-08-29  16:13:50
Commandline: apt-get install --reinstall libidn2-0:arm64
Reinstall: libidn2-0:arm64 (2.2.0-2)
End-Date: 2022-08-29  16:13:53

Start-Date: 2022-08-29  16:14:00
Commandline: apt-get install --reinstall liblz4-1:arm64
Reinstall: liblz4-1:arm64 (1.9.2-2)
End-Date: 2022-08-29  16:14:03

Start-Date: 2022-08-29  16:14:10
Commandline: apt-get install --reinstall liblzma5:arm64
Reinstall: liblzma5:arm64 (5.2.4-1)
End-Date: 2022-08-29  16:14:13

Start-Date: 2022-08-29  16:14:20
Commandline: apt-get install --reinstall libmount1:arm64
Reinstall: libmount1:arm64 (2.34-0.1ubuntu9)
End-Date: 2022-08-29  16:14:23

Start-Date: 2022-08-29  16:14:30
Commandline: apt-get install --reinstall libncurses6:arm64
Reinstall: libncurses6:arm64 (6.2-0ubuntu2)
End-Date: 2022-08-29  16:14:32

Start-Date: 2022-08-29  16:14:39
Commandline: apt-get install --reinstall libncursesw6:arm64
Reinstall: libncursesw6:arm64 (6.2-0ubuntu2)
End-Date: 2022-08-29  16:14:42

Start-Date: 2022-08-29  16:14:48
Commandline: apt-get install --reinstall libnettle7:arm64
Reinstall: libnettle7:arm64 (3.5.1+really3.5.1-2)
End-Date: 2022-08-29  16:14:52

Start-Date: 2022-08-29  16:14:59
Commandline: apt-get install --reinstall libp11-kit0:arm64
Reinstall: libp11-kit0:arm64 (0.23.20-1build1)
End-Date: 2022-08-29  16:15:02

Start-Date: 2022-08-29  16:15:09
Commandline: apt-get install --reinstall libpam-modules:arm64
Reinstall: libpam-modules:arm64 (1.3.1-5ubuntu4)
End-Date: 2022-08-29  16:15:12

Start-Date: 2022-08-29  16:15:19
Commandline: apt-get install --reinstall libpam-modules-bin
Reinstall: libpam-modules-bin:arm64 (1.3.1-5ubuntu4)
End-Date: 2022-08-29  16:15:22

Start-Date: 2022-08-29  16:15:29
Commandline: apt-get install --reinstall libpam-runtime
Reinstall: libpam-runtime:arm64 (1.3.1-5ubuntu4)
End-Date: 2022-08-29  16:15:32

Start-Date: 2022-08-29  16:15:39
Commandline: apt-get install --reinstall libpam0g:arm64
Reinstall: libpam0g:arm64 (1.3.1-5ubuntu4)
End-Date: 2022-08-29  16:15:42

Start-Date: 2022-08-29  16:15:49
Commandline: apt-get install --reinstall libpcre2-8-0:arm64
Reinstall: libpcre2-8-0:arm64 (10.34-7)
End-Date: 2022-08-29  16:15:52

Start-Date: 2022-08-29  16:15:59
Commandline: apt-get install --reinstall libpcre3:arm64
Reinstall: libpcre3:arm64 (2:8.39-12build1)
End-Date: 2022-08-29  16:16:03

Start-Date: 2022-08-29  16:16:09
Commandline: apt-get install --reinstall libprocps8:arm64
Reinstall: libprocps8:arm64 (2:3.3.16-1ubuntu2)
End-Date: 2022-08-29  16:16:12

Start-Date: 2022-08-29  16:16:18
Commandline: apt-get install --reinstall libseccomp2:arm64
Reinstall: libseccomp2:arm64 (2.4.3-1ubuntu1)
End-Date: 2022-08-29  16:16:22

Start-Date: 2022-08-29  16:16:28
Commandline: apt-get install --reinstall libselinux1:arm64
Reinstall: libselinux1:arm64 (3.0-1build2)
End-Date: 2022-08-29  16:16:32

Start-Date: 2022-08-29  16:16:38
Commandline: apt-get install --reinstall libsemanage-common
Reinstall: libsemanage-common:arm64 (3.0-1build2)
End-Date: 2022-08-29  16:16:41

Start-Date: 2022-08-29  16:16:48
Commandline: apt-get install --reinstall libsemanage1:arm64
Reinstall: libsemanage1:arm64 (3.0-1build2)
End-Date: 2022-08-29  16:16:51

Start-Date: 2022-08-29  16:16:58
Commandline: apt-get install --reinstall libsepol1:arm64
Reinstall: libsepol1:arm64 (3.0-1)
End-Date: 2022-08-29  16:17:02

Start-Date: 2022-08-29  16:17:08
Commandline: apt-get install --reinstall libsmartcols1:arm64
Reinstall: libsmartcols1:arm64 (2.34-0.1ubuntu9)
End-Date: 2022-08-29  16:17:12

Start-Date: 2022-08-29  16:17:18
Commandline: apt-get install --reinstall libss2:arm64
Reinstall: libss2:arm64 (1.45.5-2ubuntu1)
End-Date: 2022-08-29  16:17:21

Start-Date: 2022-08-29  16:17:28
Commandline: apt-get install --reinstall libstdc++6:arm64
Reinstall: libstdc++6:arm64 (10-20200411-0ubuntu1)
End-Date: 2022-08-29  16:17:32

Start-Date: 2022-08-29  16:17:39
Commandline: apt-get install --reinstall libsystemd0:arm64
Reinstall: libsystemd0:arm64 (245.4-4ubuntu3)
End-Date: 2022-08-29  16:17:42

Start-Date: 2022-08-29  16:17:49
Commandline: apt-get install --reinstall libtasn1-6:arm64
Reinstall: libtasn1-6:arm64 (4.16.0-2)
End-Date: 2022-08-29  16:17:52

Start-Date: 2022-08-29  16:17:59
Commandline: apt-get install --reinstall libtinfo6:arm64
Reinstall: libtinfo6:arm64 (6.2-0ubuntu2)
End-Date: 2022-08-29  16:18:02

Start-Date: 2022-08-29  16:18:09
Commandline: apt-get install --reinstall libudev1:arm64
Reinstall: libudev1:arm64 (245.4-4ubuntu3)
End-Date: 2022-08-29  16:18:12

Start-Date: 2022-08-29  16:18:19
Commandline: apt-get install --reinstall libunistring2:arm64
Reinstall: libunistring2:arm64 (0.9.10-2)
End-Date: 2022-08-29  16:18:22

Start-Date: 2022-08-29  16:18:29
Commandline: apt-get install --reinstall libuuid1:arm64
Reinstall: libuuid1:arm64 (2.34-0.1ubuntu9)
End-Date: 2022-08-29  16:18:32

Start-Date: 2022-08-29  16:18:39
Commandline: apt-get install --reinstall libzstd1:arm64
Reinstall: libzstd1:arm64 (1.4.4+dfsg-3)
End-Date: 2022-08-29  16:18:42

Start-Date: 2022-08-29  16:18:49
Commandline: apt-get install --reinstall login
Reinstall: login:arm64 (1:4.8.1-1ubuntu5)
End-Date: 2022-08-29  16:18:53

Start-Date: 2022-08-29  16:18:59
Commandline: apt-get install --reinstall logsave
Reinstall: logsave:arm64 (1.45.5-2ubuntu1)
End-Date: 2022-08-29  16:19:02

Start-Date: 2022-08-29  16:19:08
Commandline: apt-get install --reinstall lsb-base
Reinstall: lsb-base:arm64 (11.1.0ubuntu2)
End-Date: 2022-08-29  16:19:12

Start-Date: 2022-08-29  16:19:18
Commandline: apt-get install --reinstall mawk
Reinstall: mawk:arm64 (1.3.4.20200120-2)
End-Date: 2022-08-29  16:19:21

Start-Date: 2022-08-29  16:19:28
Commandline: apt-get install --reinstall mount
Reinstall: mount:arm64 (2.34-0.1ubuntu9)
End-Date: 2022-08-29  16:19:30

Start-Date: 2022-08-29  16:19:37
Commandline: apt-get install --reinstall ncurses-base
Reinstall: ncurses-base:arm64 (6.2-0ubuntu2)
End-Date: 2022-08-29  16:19:40

Start-Date: 2022-08-29  16:19:47
Commandline: apt-get install --reinstall ncurses-bin
Reinstall: ncurses-bin:arm64 (6.2-0ubuntu2)
End-Date: 2022-08-29  16:19:50

Start-Date: 2022-08-29  16:19:58
Commandline: apt-get install --reinstall passwd
Reinstall: passwd:arm64 (1:4.8.1-1ubuntu5)
End-Date: 2022-08-29  16:20:01

Start-Date: 2022-08-29  16:20:09
Commandline: apt-get install --reinstall perl-base
Reinstall: perl-base:arm64 (5.30.0-9build1)
End-Date: 2022-08-29  16:20:13

Start-Date: 2022-08-29  16:20:20
Commandline: apt-get install --reinstall procps
Reinstall: procps:arm64 (2:3.3.16-1ubuntu2)
End-Date: 2022-08-29  16:20:22

Start-Date: 2022-08-29  16:20:29
Commandline: apt-get install --reinstall sed
Reinstall: sed:arm64 (4.7-1)
End-Date: 2022-08-29  16:20:32

Start-Date: 2022-08-29  16:20:39
Commandline: apt-get install --reinstall sensible-utils
Reinstall: sensible-utils:arm64 (0.0.12+nmu1)
End-Date: 2022-08-29  16:20:41

Start-Date: 2022-08-29  16:20:48
Commandline: apt-get install --reinstall sysvinit-utils
Reinstall: sysvinit-utils:arm64 (2.96-2.1ubuntu1)
End-Date: 2022-08-29  16:20:51

Start-Date: 2022-08-29  16:20:58
Commandline: apt-get install --reinstall tar
Reinstall: tar:arm64 (1.30+dfsg-7)
End-Date: 2022-08-29  16:21:02

Start-Date: 2022-08-29  16:21:08
Commandline: apt-get install --reinstall ubuntu-keyring
Reinstall: ubuntu-keyring:arm64 (2020.02.11.2)
End-Date: 2022-08-29  16:21:11

Start-Date: 2022-08-29  16:21:19
Commandline: apt-get install --reinstall util-linux
Reinstall: util-linux:arm64 (2.34-0.1ubuntu9)
End-Date: 2022-08-29  16:21:24

Start-Date: 2022-08-29  16:21:30
Commandline: apt-get install --reinstall zlib1g:arm64
Reinstall: zlib1g:arm64 (1:1.2.11.dfsg-2ubuntu1)
End-Date: 2022-08-29  16:21:34

Start-Date: 2022-08-29  16:21:42
Commandline: apt-get --yes -oDebug::pkgDepCache::AutoInstall=yes install ubuntu-keyring
Upgrade: ubuntu-keyring:arm64 (2020.02.11.2, 2020.02.11.4)
End-Date: 2022-08-29  16:21:42

Start-Date: 2022-08-29  16:21:46
Commandline: apt-get --yes -oDebug::pkgDepCache::AutoInstall=yes --force-yes upgrade
Upgrade: libpam0g:arm64 (1.3.1-5ubuntu4, 1.3.1-5ubuntu4.3), fdisk:arm64 (2.34-0.1ubuntu9, 2.34-0.1ubuntu9.3), perl-base:arm64 (5.30.0-9build1, 5.30.0-9ubuntu0.2), libseccomp2:arm64 (2.4.3-1ubuntu1, 2.5.1-1ubuntu1~20.04.2), libcom-err2:arm64 (1.45.5-2ubuntu1, 1.45.5-2ubuntu1.1), libfdisk1:arm64 (2.34-0.1ubuntu9, 2.34-0.1ubuntu9.3), libpam-modules:arm64 (1.3.1-5ubuntu4, 1.3.1-5ubuntu4.3), libsystemd0:arm64 (245.4-4ubuntu3, 245.4-4ubuntu3.17), gcc-10-base:arm64 (10-20200411-0ubuntu1, 10.3.0-1ubuntu1~20.04), apt:arm64 (2.0.2, 2.0.9), libmount1:arm64 (2.34-0.1ubuntu9, 2.34-0.1ubuntu9.3), e2fsprogs:arm64 (1.45.5-2ubuntu1, 1.45.5-2ubuntu1.1), zlib1g:arm64 (1:1.2.11.dfsg-2ubuntu1, 1:1.2.11.dfsg-2ubuntu1.3), libc6:arm64 (2.31-0ubuntu9, 2.31-0ubuntu9.9), util-linux:arm64 (2.34-0.1ubuntu9, 2.34-0.1ubuntu9.3), libsepol1:arm64 (3.0-1, 3.0-1ubuntu0.1), passwd:arm64 (1:4.8.1-1ubuntu5, 1:4.8.1-1ubuntu5.20.04.2), procps:arm64 (2:3.3.16-1ubuntu2, 2:3.3.16-1ubuntu2.3), libpam-runtime:arm64 (1.3.1-5ubuntu4, 1.3.1-5ubuntu4.3), libprocps8:arm64 (2:3.3.16-1ubuntu2, 2:3.3.16-1ubuntu2.3), libapt-pkg6.0:arm64 (2.0.2, 2.0.9), libudev1:arm64 (245.4-4ubuntu3, 245.4-4ubuntu3.17), libss2:arm64 (1.45.5-2ubuntu1, 1.45.5-2ubuntu1.1), mount:arm64 (2.34-0.1ubuntu9, 2.34-0.1ubuntu9.3), libext2fs2:arm64 (1.45.5-2ubuntu1, 1.45.5-2ubuntu1.1), libblkid1:arm64 (2.34-0.1ubuntu9, 2.34-0.1ubuntu9.3), dpkg:arm64 (1.19.7ubuntu3, 1.19.7ubuntu3.2), libc-bin:arm64 (2.31-0ubuntu9, 2.31-0ubuntu9.9), libpcre3:arm64 (2:8.39-12build1, 2:8.39-12ubuntu0.1), tar:arm64 (1.30+dfsg-7, 1.30+dfsg-7ubuntu0.20.04.2), libuuid1:arm64 (2.34-0.1ubuntu9, 2.34-0.1ubuntu9.3), libgcrypt20:arm64 (1.8.5-5ubuntu1, 1.8.5-5ubuntu1.1), liblz4-1:arm64 (1.9.2-2, 1.9.2-2ubuntu0.20.04.1), gpgv:arm64 (2.2.19-3ubuntu2, 2.2.19-3ubuntu2.2), libsmartcols1:arm64 (2.34-0.1ubuntu9, 2.34-0.1ubuntu9.3), login:arm64 (1:4.8.1-1ubuntu5, 1:4.8.1-1ubuntu5.20.04.2), libhogweed5:arm64 (3.5.1+really3.5.1-2, 3.5.1+really3.5.1-2ubuntu0.2), libpam-modules-bin:arm64 (1.3.1-5ubuntu4, 1.3.1-5ubuntu4.3), bsdutils:arm64 (1:2.34-0.1ubuntu9, 1:2.34-0.1ubuntu9.3), libgcc-s1:arm64 (10-20200411-0ubuntu1, 10.3.0-1ubuntu1~20.04), libnettle7:arm64 (3.5.1+really3.5.1-2, 3.5.1+really3.5.1-2ubuntu0.2), bash:arm64 (5.0-6ubuntu1, 5.0-6ubuntu1.2), libgnutls30:arm64 (3.6.13-2ubuntu1, 3.6.13-2ubuntu1.7), libp11-kit0:arm64 (0.23.20-1build1, 0.23.20-1ubuntu0.1), libzstd1:arm64 (1.4.4+dfsg-3, 1.4.4+dfsg-3ubuntu0.1), logsave:arm64 (1.45.5-2ubuntu1, 1.45.5-2ubuntu1.1), gzip:arm64 (1.10-0ubuntu4, 1.10-0ubuntu4.1), liblzma5:arm64 (5.2.4-1, 5.2.4-1ubuntu1.1), libstdc++6:arm64 (10-20200411-0ubuntu1, 10.3.0-1ubuntu1~20.04), base-files:arm64 (11ubuntu5, 11ubuntu5.6)
End-Date: 2022-08-29  16:21:56
